[ 2015-05-27T03:40:15+08:00 ] 121.42.0.39 /webdav/b5d04dc2.php
INFO: [ app_init ] --START--
INFO: Run Behavior\BuildLiteBehavior [ RunTime:0.000021s ]
INFO: [ app_init ] --END-- [ RunTime:0.000302s ]
ERR: 无法加载模块:Webdav

[ 2015-05-27T03:40:17+08:00 ] 121.42.0.39 /admin/control/wxpay.php
INFO: [ app_init ] --START--
INFO: Run Behavior\BuildLiteBehavior [ RunTime:0.000021s ]
INFO: [ app_init ] --END-- [ RunTime:0.000299s ]
ERR: 无法加载模块:Admin

[ 2015-05-27T03:40:18+08:00 ] 121.42.0.39 /shop/templates/default/store/goods.ncsaleing.php?a=var_dump&b=vulnerable
INFO: [ app_init ] --START--
INFO: Run Behavior\BuildLiteBehavior [ RunTime:0.000026s ]
INFO: [ app_init ] --END-- [ RunTime:0.000356s ]
ERR: 无法加载模块:Shop

[ 2015-05-27T03:40:20+08:00 ] 121.42.0.39 /jmx-console/
INFO: [ app_init ] --START--
INFO: Run Behavior\BuildLiteBehavior [ RunTime:0.000024s ]
INFO: [ app_init ] --END-- [ RunTime:0.000305s ]
ERR: 无法加载模块:Jmx-console

[ 2015-05-27T03:40:27+08:00 ] 121.42.0.39 /web-console/
INFO: [ app_init ] --START--
INFO: Run Behavior\BuildLiteBehavior [ RunTime:0.000021s ]
INFO: [ app_init ] --END-- [ RunTime:0.000331s ]
ERR: 无法加载模块:Web-console

[ 2015-05-27T03:40:28+08:00 ] 121.42.0.39 /invoker/JMXInvokerServlet
INFO: [ app_init ] --START--
INFO: Run Behavior\BuildLiteBehavior [ RunTime:0.000022s ]
INFO: [ app_init ] --END-- [ RunTime:0.000306s ]
ERR: 无法加载模块:Invoker

[ 2015-05-27T03:40:31+08:00 ] 121.42.0.39 /invoker/EJBInvokerServlet
INFO: [ app_init ] --START--
INFO: Run Behavior\BuildLiteBehavior [ RunTime:0.000021s ]
INFO: [ app_init ] --END-- [ RunTime:0.000322s ]
ERR: 无法加载模块:Invoker

[ 2015-05-27T03:40:33+08:00 ] 121.42.0.39 /status/
INFO: [ app_init ] --START--
INFO: Run Behavior\BuildLiteBehavior [ RunTime:0.000021s ]
INFO: [ app_init ] --END-- [ RunTime:0.000297s ]
ERR: 无法加载模块:Status

[ 2015-05-27T03:40:35+08:00 ] 121.42.0.39 /server-status/
INFO: [ app_init ] --START--
INFO: Run Behavior\BuildLiteBehavior [ RunTime:0.000023s ]
INFO: [ app_init ] --END-- [ RunTime:0.000330s ]
ERR: 无法加载模块:Server-status

[ 2015-05-27T03:40:41+08:00 ] 121.42.0.39 /login.action?debug=browser
INFO: [ app_init ] --START--
INFO: Run Behavior\BuildLiteBehavior [ RunTime:0.000021s ]
INFO: [ app_init ] --END-- [ RunTime:0.000295s ]
ERR: 无法加载模块:Login

[ 2015-05-27T03:40:43+08:00 ] 121.42.0.39 /admin.action?debug=browser
INFO: [ app_init ] --START--
INFO: Run Behavior\BuildLiteBehavior [ RunTime:0.000022s ]
INFO: [ app_init ] --END-- [ RunTime:0.000298s ]
ERR: 无法加载模块:Admin

[ 2015-05-27T03:40:45+08:00 ] 121.42.0.39 /index.action?debug=browser
INFO: [ app_init ] --START--
INFO: Run Behavior\BuildLiteBehavior [ RunTime:0.000022s ]
INFO: [ app_init ] --END-- [ RunTime:0.000299s ]
ERR: 无法加载模块:Index

[ 2015-05-27T03:40:47+08:00 ] 121.42.0.39 /login.action
INFO: [ app_init ] --START--
INFO: Run Behavior\BuildLiteBehavior [ RunTime:0.000021s ]
INFO: [ app_init ] --END-- [ RunTime:0.000318s ]
ERR: 无法加载模块:Login

[ 2015-05-27T03:40:49+08:00 ] 121.42.0.39 /admin.action
INFO: [ app_init ] --START--
INFO: Run Behavior\BuildLiteBehavior [ RunTime:0.000021s ]
INFO: [ app_init ] --END-- [ RunTime:0.000382s ]
ERR: 无法加载模块:Admin

[ 2015-05-27T03:40:51+08:00 ] 121.42.0.39 /index.action
INFO: [ app_init ] --START--
INFO: Run Behavior\BuildLiteBehavior [ RunTime:0.000021s ]
INFO: [ app_init ] --END-- [ RunTime:0.000315s ]
ERR: 无法加载模块:Index

[ 2015-05-27T03:41:41+08:00 ] 121.42.0.39 /index.action?redirect%3A%25%7Bnew+java.lang.String%28%27http%3A%2F%2Fxxxxxxxxxxxxx%27%29%7D
INFO: [ app_init ] --START--
INFO: Run Behavior\BuildLiteBehavior [ RunTime:0.000023s ]
INFO: [ app_init ] --END-- [ RunTime:0.000327s ]
ERR: 无法加载模块:Index

[ 2015-05-27T03:41:42+08:00 ] 121.42.0.39 /login.action?redirect%3A%25%7Bnew+java.lang.String%28%27http%3A%2F%2Fxxxxxxxxxxxxx%27%29%7D
INFO: [ app_init ] --START--
INFO: Run Behavior\BuildLiteBehavior [ RunTime:0.000024s ]
INFO: [ app_init ] --END-- [ RunTime:0.000334s ]
ERR: 无法加载模块:Login

[ 2015-05-27T03:41:44+08:00 ] 121.42.0.39 /admin.action?redirect%3A%25%7Bnew+java.lang.String%28%27http%3A%2F%2Fxxxxxxxxxxxxx%27%29%7D
INFO: [ app_init ] --START--
INFO: Run Behavior\BuildLiteBehavior [ RunTime:0.000022s ]
INFO: [ app_init ] --END-- [ RunTime:0.000320s ]
ERR: 无法加载模块:Admin

[ 2015-05-27T03:41:53+08:00 ] 121.42.0.39 /manager/html
INFO: [ app_init ] --START--
INFO: Run Behavior\BuildLiteBehavior [ RunTime:0.000020s ]
INFO: [ app_init ] --END-- [ RunTime:0.000314s ]
ERR: 无法加载模块:Manager

[ 2015-05-27T03:41:56+08:00 ] 121.42.0.39 /phpmyadmin/scripts/setup.php
INFO: [ app_init ] --START--
INFO: Run Behavior\BuildLiteBehavior [ RunTime:0.000022s ]
INFO: [ app_init ] --END-- [ RunTime:0.000304s ]
ERR: 无法加载模块:Phpmyadmin

[ 2015-05-27T03:41:58+08:00 ] 121.42.0.39 /phpMyAdmin/scripts/setup.php
INFO: [ app_init ] --START--
INFO: Run Behavior\BuildLiteBehavior [ RunTime:0.000021s ]
INFO: [ app_init ] --END-- [ RunTime:0.000296s ]
ERR: 无法加载模块:PhpMyAdmin

[ 2015-05-27T03:41:59+08:00 ] 121.42.0.39 /pma/scripts/setup.php
INFO: [ app_init ] --START--
INFO: Run Behavior\BuildLiteBehavior [ RunTime:0.000020s ]
INFO: [ app_init ] --END-- [ RunTime:0.000321s ]
ERR: 无法加载模块:Pma

[ 2015-05-27T03:42:01+08:00 ] 121.42.0.39 /pmd/scripts/setup.php
INFO: [ app_init ] --START--
INFO: Run Behavior\BuildLiteBehavior [ RunTime:0.000021s ]
INFO: [ app_init ] --END-- [ RunTime:0.000321s ]
ERR: 无法加载模块:Pmd

[ 2015-05-27T08:05:13+08:00 ] 66.249.64.195 /robots.txt
INFO: [ app_init ] --START--
INFO: Run Behavior\BuildLiteBehavior [ RunTime:0.000025s ]
INFO: [ app_init ] --END-- [ RunTime:0.000320s ]
ERR: 无法加载模块:Robots

[ 2015-05-27T10:01:37+08:00 ] 122.155.174.188 /phpMyAdmin/scripts/setup.php
INFO: [ app_init ] --START--
INFO: Run Behavior\BuildLiteBehavior [ RunTime:0.000021s ]
INFO: [ app_init ] --END-- [ RunTime:0.000331s ]
ERR: 无法加载模块:PhpMyAdmin

[ 2015-05-27T10:01:38+08:00 ] 122.155.174.188 /pma/scripts/setup.php
INFO: [ app_init ] --START--
INFO: Run Behavior\BuildLiteBehavior [ RunTime:0.000024s ]
INFO: [ app_init ] --END-- [ RunTime:0.000310s ]
ERR: 无法加载模块:Pma

[ 2015-05-27T10:01:38+08:00 ] 122.155.174.188 /myadmin/scripts/setup.php
INFO: [ app_init ] --START--
INFO: Run Behavior\BuildLiteBehavior [ RunTime:0.000023s ]
INFO: [ app_init ] --END-- [ RunTime:0.000328s ]
ERR: 无法加载模块:Myadmin

[ 2015-05-27T10:15:06+08:00 ] 101.226.166.201 /robots.txt
INFO: [ app_init ] --START--
INFO: Run Behavior\BuildLiteBehavior [ RunTime:0.000021s ]
INFO: [ app_init ] --END-- [ RunTime:0.000306s ]
ERR: 无法加载模块:Robots

[ 2015-05-27T10:38:23+08:00 ] 178.21.17.106 /vtigercrm/test/upload/vtigercrm.txt
INFO: [ app_init ] --START--
INFO: Run Behavior\BuildLiteBehavior [ RunTime:0.000021s ]
INFO: [ app_init ] --END-- [ RunTime:0.000325s ]
ERR: 无法加载模块:Vtigercrm

[ 2015-05-27T10:42:43+08:00 ] 178.21.17.106 /vtigercrm/test/upload/vtigercrm.txt
INFO: [ app_init ] --START--
INFO: Run Behavior\BuildLiteBehavior [ RunTime:0.000028s ]
INFO: [ app_init ] --END-- [ RunTime:0.000426s ]
ERR: 无法加载模块:Vtigercrm

[ 2015-05-27T13:22:06+08:00 ] 118.174.3.142 /phpMyAdmin/scripts/setup.php
INFO: [ app_init ] --START--
INFO: Run Behavior\BuildLiteBehavior [ RunTime:0.000020s ]
INFO: [ app_init ] --END-- [ RunTime:0.000302s ]
ERR: 无法加载模块:PhpMyAdmin

[ 2015-05-27T13:22:07+08:00 ] 118.174.3.142 /pma/scripts/setup.php
INFO: [ app_init ] --START--
INFO: Run Behavior\BuildLiteBehavior [ RunTime:0.000021s ]
INFO: [ app_init ] --END-- [ RunTime:0.000302s ]
ERR: 无法加载模块:Pma

[ 2015-05-27T13:22:07+08:00 ] 118.174.3.142 /myadmin/scripts/setup.php
INFO: [ app_init ] --START--
INFO: Run Behavior\BuildLiteBehavior [ RunTime:0.000021s ]
INFO: [ app_init ] --END-- [ RunTime:0.000306s ]
ERR: 无法加载模块:Myadmin

[ 2015-05-27T14:49:10+08:00 ] 121.40.83.80 /robortt.txt
INFO: [ app_init ] --START--
INFO: Run Behavior\BuildLiteBehavior [ RunTime:0.000021s ]
INFO: [ app_init ] --END-- [ RunTime:0.000299s ]
ERR: 无法加载模块:Robortt

[ 2015-05-27T16:07:58+08:00 ] 176.36.62.191 /phpMyAdmin/scripts/setup.php
INFO: [ app_init ] --START--
INFO: Run Behavior\BuildLiteBehavior [ RunTime:0.000021s ]
INFO: [ app_init ] --END-- [ RunTime:0.000344s ]
ERR: 无法加载模块:PhpMyAdmin

[ 2015-05-27T16:07:59+08:00 ] 176.36.62.191 /pma/scripts/setup.php
INFO: [ app_init ] --START--
INFO: Run Behavior\BuildLiteBehavior [ RunTime:0.000021s ]
INFO: [ app_init ] --END-- [ RunTime:0.000302s ]
ERR: 无法加载模块:Pma

[ 2015-05-27T16:08:00+08:00 ] 176.36.62.191 /myadmin/scripts/setup.php
INFO: [ app_init ] --START--
INFO: Run Behavior\BuildLiteBehavior [ RunTime:0.000025s ]
INFO: [ app_init ] --END-- [ RunTime:0.000373s ]
ERR: 无法加载模块:Myadmin

[ 2015-05-27T18:01:26+08:00 ] 157.55.39.94 /robots.txt
INFO: [ app_init ] --START--
INFO: Run Behavior\BuildLiteBehavior [ RunTime:0.000020s ]
INFO: [ app_init ] --END-- [ RunTime:0.000349s ]
ERR: 无法加载模块:Robots

[ 2015-05-27T19:04:10+08:00 ] 113.53.252.109 /iuiu/iui/iu.php
INFO: [ app_init ] --START--
INFO: Run Behavior\BuildLiteBehavior [ RunTime:0.000021s ]
INFO: [ app_init ] --END-- [ RunTime:0.000318s ]
ERR: 无法加载模块:Iuiu

[ 2015-05-27T19:04:10+08:00 ] 113.53.252.109 /phpMyAdmin/scripts/setup.php
INFO: [ app_init ] --START--
INFO: Run Behavior\BuildLiteBehavior [ RunTime:0.000021s ]
INFO: [ app_init ] --END-- [ RunTime:0.000329s ]
ERR: 无法加载模块:PhpMyAdmin

[ 2015-05-27T19:04:11+08:00 ] 113.53.252.109 /pma/scripts/setup.php
INFO: [ app_init ] --START--
INFO: Run Behavior\BuildLiteBehavior [ RunTime:0.000025s ]
INFO: [ app_init ] --END-- [ RunTime:0.000426s ]
ERR: 无法加载模块:Pma

[ 2015-05-27T19:04:11+08:00 ] 113.53.252.109 /myadmin/scripts/setup.php
INFO: [ app_init ] --START--
INFO: Run Behavior\BuildLiteBehavior [ RunTime:0.000021s ]
INFO: [ app_init ] --END-- [ RunTime:0.000303s ]
ERR: 无法加载模块:Myadmin

[ 2015-05-27T20:07:49+08:00 ] 66.249.64.63 /robots.txt
INFO: [ app_init ] --START--
INFO: Run Behavior\BuildLiteBehavior [ RunTime:0.000025s ]
INFO: [ app_init ] --END-- [ RunTime:0.000383s ]
ERR: 无法加载模块:Robots

[ 2015-05-27T21:08:46+08:00 ] 122.154.46.221 /phpMyAdmin/scripts/setup.php
INFO: [ app_init ] --START--
INFO: Run Behavior\BuildLiteBehavior [ RunTime:0.000020s ]
INFO: [ app_init ] --END-- [ RunTime:0.000327s ]
ERR: 无法加载模块:PhpMyAdmin

[ 2015-05-27T21:08:47+08:00 ] 122.154.46.221 /pma/scripts/setup.php
INFO: [ app_init ] --START--
INFO: Run Behavior\BuildLiteBehavior [ RunTime:0.000021s ]
INFO: [ app_init ] --END-- [ RunTime:0.000327s ]
ERR: 无法加载模块:Pma

[ 2015-05-27T21:08:48+08:00 ] 122.154.46.221 /myadmin/scripts/setup.php
INFO: [ app_init ] --START--
INFO: Run Behavior\BuildLiteBehavior [ RunTime:0.000023s ]
INFO: [ app_init ] --END-- [ RunTime:0.000312s ]
ERR: 无法加载模块:Myadmin

[ 2015-05-27T21:33:45+08:00 ] 142.0.37.205 /muieblackcat
INFO: [ app_init ] --START--
INFO: Run Behavior\BuildLiteBehavior [ RunTime:0.000021s ]
INFO: [ app_init ] --END-- [ RunTime:0.000292s ]
ERR: 无法加载模块:Muieblackcat

[ 2015-05-27T21:33:45+08:00 ] 142.0.37.205 //phpMyAdmin/scripts/setup.php
INFO: [ app_init ] --START--
INFO: Run Behavior\BuildLiteBehavior [ RunTime:0.000021s ]
INFO: [ app_init ] --END-- [ RunTime:0.000305s ]
ERR: 无法加载模块:PhpMyAdmin

[ 2015-05-27T21:33:46+08:00 ] 142.0.37.205 //phpmyadmin/scripts/setup.php
INFO: [ app_init ] --START--
INFO: Run Behavior\BuildLiteBehavior [ RunTime:0.000020s ]
INFO: [ app_init ] --END-- [ RunTime:0.000293s ]
ERR: 无法加载模块:Phpmyadmin

[ 2015-05-27T21:33:47+08:00 ] 142.0.37.205 //pma/scripts/setup.php
INFO: [ app_init ] --START--
INFO: Run Behavior\BuildLiteBehavior [ RunTime:0.000023s ]
INFO: [ app_init ] --END-- [ RunTime:0.000333s ]
ERR: 无法加载模块:Pma

[ 2015-05-27T21:33:48+08:00 ] 142.0.37.205 //myadmin/scripts/setup.php
INFO: [ app_init ] --START--
INFO: Run Behavior\BuildLiteBehavior [ RunTime:0.000020s ]
INFO: [ app_init ] --END-- [ RunTime:0.000294s ]
ERR: 无法加载模块:Myadmin

[ 2015-05-27T21:33:48+08:00 ] 142.0.37.205 //MyAdmin/scripts/setup.php
INFO: [ app_init ] --START--
INFO: Run Behavior\BuildLiteBehavior [ RunTime:0.000020s ]
INFO: [ app_init ] --END-- [ RunTime:0.000311s ]
ERR: 无法加载模块:MyAdmin

[ 2015-05-27T23:00:44+08:00 ] 121.40.129.82 /susu/sus/su.php
INFO: [ app_init ] --START--
INFO: Run Behavior\BuildLiteBehavior [ RunTime:0.000020s ]
INFO: [ app_init ] --END-- [ RunTime:0.000322s ]
ERR: 无法加载模块:Susu

[ 2015-05-27T23:00:44+08:00 ] 121.40.129.82 /phpMyAdmin/scripts/setup.php
INFO: [ app_init ] --START--
INFO: Run Behavior\BuildLiteBehavior [ RunTime:0.000029s ]
INFO: [ app_init ] --END-- [ RunTime:0.000319s ]
ERR: 无法加载模块:PhpMyAdmin

[ 2015-05-27T23:00:44+08:00 ] 121.40.129.82 /pma/scripts/setup.php
INFO: [ app_init ] --START--
INFO: Run Behavior\BuildLiteBehavior [ RunTime:0.000041s ]
INFO: [ app_init ] --END-- [ RunTime:0.000314s ]
ERR: 无法加载模块:Pma

[ 2015-05-27T23:00:44+08:00 ] 121.40.129.82 /myadmin/scripts/setup.php
INFO: [ app_init ] --START--
INFO: Run Behavior\BuildLiteBehavior [ RunTime:0.000020s ]
INFO: [ app_init ] --END-- [ RunTime:0.000287s ]
ERR: 无法加载模块:Myadmin

[ 2015-05-27T23:03:10+08:00 ] 121.42.0.18 /webscan38502863.txt
INFO: [ app_init ] --START--
INFO: Run Behavior\BuildLiteBehavior [ RunTime:0.000019s ]
INFO: [ app_init ] --END-- [ RunTime:0.000323s ]
ERR: 无法加载模块:Webscan38502863

